===== SLURM job start: Thu Dec 11 08:42:46 +07 2025 on gpn-node20 =====
CUDA module not found via 'module'; prepending /usr/local/cuda/bin to PATH (fallback)
nvcc version:
nvcc: NVIDIA (R) Cuda compiler driver
Copyright (c) 2005-2024 NVIDIA Corporation
Built on Tue_Oct_29_23:50:19_PDT_2024
Cuda compilation tools, release 12.6, V12.6.85
Build cuda_12.6.r12.6/compiler.35059454_0
nvidia-smi:
Thu Dec 11 08:42:46 2025       
+-----------------------------------------------------------------------------------------+
| NVIDIA-SMI 560.35.05              Driver Version: 560.35.05      CUDA Version: 12.6     |
|-----------------------------------------+------------------------+----------------------+
| GPU  Name                 Persistence-M | Bus-Id          Disp.A | Volatile Uncorr. ECC |
| Fan  Temp   Perf          Pwr:Usage/Cap |           Memory-Usage | GPU-Util  Compute M. |
|                                         |                        |               MIG M. |
|=========================================+========================+======================|
|   0  Quadro RTX 4000                On  |   00000000:01:00.0 Off |                  N/A |
| 30%   30C    P8              4W /  125W |     189MiB /   8192MiB |      0%      Default |
|                                         |                        |                  N/A |
+-----------------------------------------+------------------------+----------------------+
                                                                                         
+-----------------------------------------------------------------------------------------+
| Processes:                                                                              |
|  GPU   GI   CI        PID   Type   Process name                              GPU Memory |
|        ID   ID                                                               Usage      |
|=========================================================================================|
|    0   N/A  N/A      2263      G   /usr/libexec/Xorg                              94MiB |
|    0   N/A  N/A      2827      G   /usr/bin/gnome-shell                           91MiB |
+-----------------------------------------------------------------------------------------+
Compiling lab_filters.cu -> lab_filters
Running binary with input = input.png
Image loaded: 759x1080

--- Filter: blur ---
GPU shared time (ms): 0.160736
GPU texture time (ms): 0.24448
CPU time (ms): 34.3123
Speedup (CPU/GPU-shared): 213.47x
Speedup (CPU/GPU-text): 140.348x

--- Filter: edge ---
GPU shared time (ms): 0.140896
GPU texture time (ms): 0.20864

--- Filter: denoise ---
GPU shared time (ms): 0.216032
GPU texture time (ms): 0.233408

Outputs saved: cpu_blur.png, gpu_shared_*.png, gpu_texture_*.png
===== SLURM job end: Thu Dec 11 08:42:51 +07 2025 =====
