===== SBATCH: starting job on gpn-node20 at Thu Dec 11 20:17:13 +07 2025 =====

Attempting to load CUDA module...
ERROR: Unable to locate a modulefile for 'cuda/12.6'
ERROR: Unable to locate a modulefile for 'cuda/12.5'
ERROR: Unable to locate a modulefile for 'cuda/11.8'
No nvcc in PATH, prepending /usr/local/cuda/bin (fallback)
nvcc version:
nvcc: NVIDIA (R) Cuda compiler driver
Copyright (c) 2005-2024 NVIDIA Corporation
Built on Tue_Oct_29_23:50:19_PDT_2024
Cuda compilation tools, release 12.6, V12.6.85
Build cuda_12.6.r12.6/compiler.35059454_0

nvidia-smi:
Thu Dec 11 20:17:13 2025       
+-----------------------------------------------------------------------------------------+
| NVIDIA-SMI 560.35.05              Driver Version: 560.35.05      CUDA Version: 12.6     |
|-----------------------------------------+------------------------+----------------------+
| GPU  Name                 Persistence-M | Bus-Id          Disp.A | Volatile Uncorr. ECC |
| Fan  Temp   Perf          Pwr:Usage/Cap |           Memory-Usage | GPU-Util  Compute M. |
|                                         |                        |               MIG M. |
|=========================================+========================+======================|
|   0  Quadro RTX 4000                On  |   00000000:01:00.0 Off |                  N/A |
| 30%   31C    P8              3W /  125W |     189MiB /   8192MiB |      0%      Default |
|                                         |                        |                  N/A |
+-----------------------------------------+------------------------+----------------------+
                                                                                         
+-----------------------------------------------------------------------------------------+
| Processes:                                                                              |
|  GPU   GI   CI        PID   Type   Process name                              GPU Memory |
|        ID   ID                                                               Usage      |
|=========================================================================================|
|    0   N/A  N/A      2263      G   /usr/libexec/Xorg                              94MiB |
|    0   N/A  N/A      2827      G   /usr/bin/gnome-shell                           91MiB |
+-----------------------------------------------------------------------------------------+

Working dir: /home/mag/a.grekhova/Lab3

Trying to download stb_image.h from: https://cdn.jsdelivr.net/gh/nothings/stb/stb_image.h
Downloaded stb_image.h from https://cdn.jsdelivr.net/gh/nothings/stb/stb_image.h
Trying to download stb_image_write.h from: https://cdn.jsdelivr.net/gh/nothings/stb/stb_image_write.h
Downloaded stb_image_write.h from https://cdn.jsdelivr.net/gh/nothings/stb/stb_image_write.h

-rw-rw-r-- 1 mag mag 283010 Dec 11 20:17 stb_image.h
-rw-rw-r-- 1 mag mag  71221 Dec 11 20:17 stb_image_write.h

Compiling lab_multi_gpu.cu -> lab_multi_gpu
Compilation finished successfully.

Running the program: ./lab_multi_gpu input2.png
----- PROGRAM OUTPUT START -----
Using input: input2.png
Detected 1 GPUs
Saved result to output_multi_gpu.png
----- PROGRAM OUTPUT  END  -----
Program exit code: 0

===== SBATCH: job finished at Thu Dec 11 20:17:27 +07 2025 =====
